Determining if the pthread_create exist failed with the following output:
Change Dir: /home/colin/catkin_modelas_ws/src/ls_elas/build/CMakeFiles/CMakeTmp

Run Build Command:"/usr/bin/make" "cmTC_959e1/fast"
/usr/bin/make -f CMakeFiles/cmTC_959e1.dir/build.make CMakeFiles/cmTC_959e1.dir/build
make[1]: Entering directory '/home/colin/catkin_modelas_ws/src/ls_elas/build/CMakeFiles/CMakeTmp'
Building C object CMakeFiles/cmTC_959e1.dir/CheckSymbolExists.c.o
/usr/bin/cc    -o CMakeFiles/cmTC_959e1.dir/CheckSymbolExists.c.o   -c /home/colin/catkin_modelas_ws/src/ls_elas/build/CMakeFiles/CMakeTmp/CheckSymbolExists.c
Linking C executable cmTC_959e1
/opt/cmake/bin/cmake -E cmake_link_script CMakeFiles/cmTC_959e1.dir/link.txt --verbose=1
/usr/bin/cc      -rdynamic CMakeFiles/cmTC_959e1.dir/CheckSymbolExists.c.o  -o cmTC_959e1 
CMakeFiles/cmTC_959e1.dir/CheckSymbolExists.c.o: In function `main':
CheckSymbolExists.c:(.text+0x16): undefined reference to `pthread_create'
collect2: error: ld returned 1 exit status
CMakeFiles/cmTC_959e1.dir/build.make:86: recipe for target 'cmTC_959e1' failed
make[1]: *** [cmTC_959e1] Error 1
make[1]: Leaving directory '/home/colin/catkin_modelas_ws/src/ls_elas/build/CMakeFiles/CMakeTmp'
Makefile:121: recipe for target 'cmTC_959e1/fast' failed
make: *** [cmTC_959e1/fast] Error 2

File /home/colin/catkin_modelas_ws/src/ls_elas/build/CMakeFiles/CMakeTmp/CheckSymbolExists.c:
/* */
#include <pthread.h>

int main(int argc, char** argv)
{
  (void)argv;
#ifndef pthread_create
  return ((int*)(&pthread_create))[argc];
#else
  (void)argc;
  return 0;
#endif
}

Determining if the function pthread_create exists in the pthreads failed with the following output:
Change Dir: /home/colin/catkin_modelas_ws/src/ls_elas/build/CMakeFiles/CMakeTmp

Run Build Command:"/usr/bin/make" "cmTC_28a2d/fast"
/usr/bin/make -f CMakeFiles/cmTC_28a2d.dir/build.make CMakeFiles/cmTC_28a2d.dir/build
make[1]: Entering directory '/home/colin/catkin_modelas_ws/src/ls_elas/build/CMakeFiles/CMakeTmp'
Building C object CMakeFiles/cmTC_28a2d.dir/CheckFunctionExists.c.o
/usr/bin/cc   -DCHECK_FUNCTION_EXISTS=pthread_create   -o CMakeFiles/cmTC_28a2d.dir/CheckFunctionExists.c.o   -c /home/colin/cmake/Modules/CheckFunctionExists.c
Linking C executable cmTC_28a2d
/opt/cmake/bin/cmake -E cmake_link_script CMakeFiles/cmTC_28a2d.dir/link.txt --verbose=1
/usr/bin/cc  -DCHECK_FUNCTION_EXISTS=pthread_create    -rdynamic CMakeFiles/cmTC_28a2d.dir/CheckFunctionExists.c.o  -o cmTC_28a2d -lpthreads 
/usr/bin/ld: cannot find -lpthreads
collect2: error: ld returned 1 exit status
CMakeFiles/cmTC_28a2d.dir/build.make:86: recipe for target 'cmTC_28a2d' failed
make[1]: *** [cmTC_28a2d] Error 1
make[1]: Leaving directory '/home/colin/catkin_modelas_ws/src/ls_elas/build/CMakeFiles/CMakeTmp'
Makefile:121: recipe for target 'cmTC_28a2d/fast' failed
make: *** [cmTC_28a2d/fast] Error 2


